<?xml version="1.0" encoding="UTF-8"?>
<!-- Generated by org.testng.reporters.JUnitXMLReporter -->
<testsuite ignored="14" hostname="DESKTOP-O2IJ1P6" failures="4" tests="30" name="Test" time="210.182" errors="0" timestamp="2023-11-16T18:07:25 PST">
  <testcase classname="tests.AccountTest" name="CreateAccount_TC14" time="17.124"/>
  <testcase classname="tests.OpportunityTest" name="CreateOpty_TC15" time="2.858"/>
  <testcase classname="tests.OpportunityTest" name="CreateOpty_TC16" time="8.856"/>
  <testcase classname="tests.OpportunityTest" name="CreateOpty_TC17" time="1.853"/>
  <testcase classname="tests.OpportunityTest" name="CreateOpty_TC18" time="41.832">
    <failure type="java.lang.AssertionError" message="Failed to display expected [true] but found [false]">
      <![CDATA[java.lang.AssertionError: Failed to display expected [true] but found [false]
at tests.OpportunityTest.CreateOpty_TC18(OpportunityTest.java:91)
at java.base/java.util.ArrayList.forEach(ArrayList.java:1541)
... Removed 34 stack frames]]>
    </failure>
  </testcase> <!-- CreateOpty_TC18 -->
  <testcase classname="tests.OpportunityTest" name="CreateOpty_TC19" time="2.593"/>
  <testcase classname="tests.LeadsTest" name="leads_TC20" time="0.796"/>
  <testcase classname="tests.LeadsTest" name="leads_TC21" time="1.07"/>
  <testcase classname="tests.LeadsTest" name="leads_TC22" time="9.229"/>
  <testcase classname="tests.LeadsTest" name="leads_TC23" time="1.947"/>
  <testcase classname="tests.LeadsTest" name="leads_TC24" time="4.058"/>
  <testcase classname="tests.RandomScenariosTest" name="RandomScenarios_TC33" time="7.166"/>
  <testcase classname="tests.RandomScenariosTest" name="RandomScenarios_TC34" time="5.466"/>
  <testcase classname="tests.RandomScenariosTest" name="RandomScenarios_TC35" time="7.669"/>
  <testcase classname="tests.RandomScenariosTest" name="RandomScenarios_TC36" time="6.276"/>
  <testcase classname="tests.RandomScenariosTest" name="RandomScenarios_TC37" time="23.614">
    <failure type="java.lang.AssertionError" message="popup failed to close expected [true] but found [false]">
      <![CDATA[java.lang.AssertionError: popup failed to close expected [true] but found [false]
at tests.RandomScenariosTest.RandomScenarios_TC37(RandomScenariosTest.java:135)
at java.base/java.util.ArrayList.forEach(ArrayList.java:1541)
... Removed 34 stack frames]]>
    </failure>
  </testcase> <!-- RandomScenarios_TC37 -->
  <testcase classname="tests.ContactsTest" name="Contacts_TC25" time="4.784"/>
  <testcase classname="tests.ContactsTest" name="Contacts_TC26" time="2.716"/>
  <testcase classname="tests.ContactsTest" name="Contacts_TC27" time="1.388"/>
  <testcase classname="tests.ContactsTest" name="Contacts_TC28" time="1.425"/>
  <testcase classname="tests.ContactsTest" name="Contacts_TC29" time="2.018"/>
  <testcase classname="tests.ContactsTest" name="Contacts_TC30" time="2.634"/>
  <testcase classname="tests.ContactsTest" name="Contacts_TC31" time="3.274"/>
  <testcase classname="tests.ContactsTest" name="Contacts_TC32" time="2.997"/>
  <testcase classname="tests.LoginTest" name="loginTestTC02" time="2.937"/>
  <testcase classname="tests.LoginTest" name="loginTestTC01" time="2.232"/>
  <testcase classname="tests.LoginTest" name="LoginTestTC4A" time="2.276"/>
  <testcase classname="tests.LoginTest" name="LoginTestTC04B" time="1.679"/>
  <testcase classname="tests.LoginTest" name="LoginTestTC03" time="0.018">
    <failure type="org.openqa.selenium.NoSuchWindowException" message="no such window: target window already closed
from unknown error: web view not found
  (Session info: chrome=119.0.6045.159)
Build info: version: &amp;apos;4.11.0&amp;apos;, revision: &amp;apos;040bc5406b&amp;apos;
System info: os.name: &amp;apos;Windows 11&amp;apos;, os.arch: &amp;apos;amd64&amp;apos;, os.version: &amp;apos;10.0&amp;apos;, java.version: &amp;apos;11.0.19&amp;apos;
Driver info: org.openqa.selenium.chrome.ChromeDriver
Command: [85cd07054c65d3410012e3ffa785922f, get {url=https://login.salesforce.com}]
Capabilities {acceptInsecureCerts: false, browserName: chrome, browserVersion: 119.0.6045.159, chrome: {chromedriverVersion: 119.0.6045.105 (38c72552c5e..., userDataDir: C:\Users\Piyush\AppData\Loc...}, fedcm:accounts: true, goog:chromeOptions: {debuggerAddress: localhost:64137}, networkConnectionEnabled: false, pageLoadStrategy: normal, platformName: windows, proxy: Proxy(), se:cdp: ws://localhost:64137/devtoo..., se:cdpVersion: 119.0.6045.159, setWindowRect: true, strictFileInteractability: false, timeouts: {implicit: 0, pageLoad: 300000, script: 30000}, unhandledPromptBehavior: dismiss and notify, webauthn:extension:credBlob: true, webauthn:extension:largeBlob: true, webauthn:extension:minPinLength: true, webauthn:extension:prf: true, webauthn:virtualAuthenticators: true}
Session ID: 85cd07054c65d3410012e3ffa785922f">
      <![CDATA[org.openqa.selenium.NoSuchWindowException: no such window: target window already closed
from unknown error: web view not found
  (Session info: chrome=119.0.6045.159)
Build info: version: '4.11.0', revision: '040bc5406b'
System info: os.name: 'Windows 11', os.arch: 'amd64', os.version: '10.0', java.version: '11.0.19'
Driver info: org.openqa.selenium.chrome.ChromeDriver
Command: [85cd07054c65d3410012e3ffa785922f, get {url=https://login.salesforce.com}]
Capabilities {acceptInsecureCerts: false, browserName: chrome, browserVersion: 119.0.6045.159, chrome: {chromedriverVersion: 119.0.6045.105 (38c72552c5e..., userDataDir: C:\Users\Piyush\AppData\Loc...}, fedcm:accounts: true, goog:chromeOptions: {debuggerAddress: localhost:64137}, networkConnectionEnabled: false, pageLoadStrategy: normal, platformName: windows, proxy: Proxy(), se:cdp: ws://localhost:64137/devtoo..., se:cdpVersion: 119.0.6045.159, setWindowRect: true, strictFileInteractability: false, timeouts: {implicit: 0, pageLoad: 300000, script: 30000}, unhandledPromptBehavior: dismiss and notify, webauthn:extension:credBlob: true, webauthn:extension:largeBlob: true, webauthn:extension:minPinLength: true, webauthn:extension:prf: true, webauthn:virtualAuthenticators: true}
Session ID: 85cd07054c65d3410012e3ffa785922f
at org.openqa.selenium.remote.codec.w3c.W3CHttpResponseCodec.createException(W3CHttpResponseCodec.java:200)
at org.openqa.selenium.remote.codec.w3c.W3CHttpResponseCodec.decode(W3CHttpResponseCodec.java:133)
at org.openqa.selenium.remote.codec.w3c.W3CHttpResponseCodec.decode(W3CHttpResponseCodec.java:52)
at org.openqa.selenium.remote.HttpCommandExecutor.execute(HttpCommandExecutor.java:191)
at org.openqa.selenium.remote.service.DriverCommandExecutor.invokeExecute(DriverCommandExecutor.java:196)
at org.openqa.selenium.remote.service.DriverCommandExecutor.execute(DriverCommandExecutor.java:171)
at org.openqa.selenium.remote.RemoteWebDriver.execute(RemoteWebDriver.java:518)
at org.openqa.selenium.remote.RemoteWebDriver.get(RemoteWebDriver.java:300)
at tests.LoginTest.LoginTestTC03(LoginTest.java:73)
at java.base/java.util.ArrayList.forEach(ArrayList.java:1541)
... Removed 35 stack frames]]>
    </failure>
  </testcase> <!-- LoginTestTC03 -->
  <testcase classname="tests.LoginTest" name="LoginTestTC03" time="0.038">
    <failure type="org.openqa.selenium.NoSuchWindowException" message="no such window: target window already closed
from unknown error: web view not found
  (Session info: chrome=119.0.6045.159)
Build info: version: &amp;apos;4.11.0&amp;apos;, revision: &amp;apos;040bc5406b&amp;apos;
System info: os.name: &amp;apos;Windows 11&amp;apos;, os.arch: &amp;apos;amd64&amp;apos;, os.version: &amp;apos;10.0&amp;apos;, java.version: &amp;apos;11.0.19&amp;apos;
Driver info: org.openqa.selenium.chrome.ChromeDriver
Command: [85cd07054c65d3410012e3ffa785922f, screenshot {}]
Capabilities {acceptInsecureCerts: false, browserName: chrome, browserVersion: 119.0.6045.159, chrome: {chromedriverVersion: 119.0.6045.105 (38c72552c5e..., userDataDir: C:\Users\Piyush\AppData\Loc...}, fedcm:accounts: true, goog:chromeOptions: {debuggerAddress: localhost:64137}, networkConnectionEnabled: false, pageLoadStrategy: normal, platformName: windows, proxy: Proxy(), se:cdp: ws://localhost:64137/devtoo..., se:cdpVersion: 119.0.6045.159, setWindowRect: true, strictFileInteractability: false, timeouts: {implicit: 0, pageLoad: 300000, script: 30000}, unhandledPromptBehavior: dismiss and notify, webauthn:extension:credBlob: true, webauthn:extension:largeBlob: true, webauthn:extension:minPinLength: true, webauthn:extension:prf: true, webauthn:virtualAuthenticators: true}
Session ID: 85cd07054c65d3410012e3ffa785922f">
      <![CDATA[org.openqa.selenium.NoSuchWindowException: no such window: target window already closed
from unknown error: web view not found
  (Session info: chrome=119.0.6045.159)
Build info: version: '4.11.0', revision: '040bc5406b'
System info: os.name: 'Windows 11', os.arch: 'amd64', os.version: '10.0', java.version: '11.0.19'
Driver info: org.openqa.selenium.chrome.ChromeDriver
Command: [85cd07054c65d3410012e3ffa785922f, screenshot {}]
Capabilities {acceptInsecureCerts: false, browserName: chrome, browserVersion: 119.0.6045.159, chrome: {chromedriverVersion: 119.0.6045.105 (38c72552c5e..., userDataDir: C:\Users\Piyush\AppData\Loc...}, fedcm:accounts: true, goog:chromeOptions: {debuggerAddress: localhost:64137}, networkConnectionEnabled: false, pageLoadStrategy: normal, platformName: windows, proxy: Proxy(), se:cdp: ws://localhost:64137/devtoo..., se:cdpVersion: 119.0.6045.159, setWindowRect: true, strictFileInteractability: false, timeouts: {implicit: 0, pageLoad: 300000, script: 30000}, unhandledPromptBehavior: dismiss and notify, webauthn:extension:credBlob: true, webauthn:extension:largeBlob: true, webauthn:extension:minPinLength: true, webauthn:extension:prf: true, webauthn:virtualAuthenticators: true}
Session ID: 85cd07054c65d3410012e3ffa785922f
at org.openqa.selenium.remote.codec.w3c.W3CHttpResponseCodec.createException(W3CHttpResponseCodec.java:200)
at org.openqa.selenium.remote.codec.w3c.W3CHttpResponseCodec.decode(W3CHttpResponseCodec.java:133)
at org.openqa.selenium.remote.codec.w3c.W3CHttpResponseCodec.decode(W3CHttpResponseCodec.java:52)
at org.openqa.selenium.remote.HttpCommandExecutor.execute(HttpCommandExecutor.java:191)
at org.openqa.selenium.remote.service.DriverCommandExecutor.invokeExecute(DriverCommandExecutor.java:196)
at org.openqa.selenium.remote.service.DriverCommandExecutor.execute(DriverCommandExecutor.java:171)
at org.openqa.selenium.remote.RemoteWebDriver.execute(RemoteWebDriver.java:518)
at org.openqa.selenium.remote.RemoteWebDriver.execute(RemoteWebDriver.java:591)
at org.openqa.selenium.remote.RemoteWebDriver.execute(RemoteWebDriver.java:595)
at org.openqa.selenium.remote.RemoteWebDriver.getScreenshotAs(RemoteWebDriver.java:321)
at utils.CommonUtils.getScreenshot(CommonUtils.java:108)
at listeners.SFDCListeners.onTestFailure(SFDCListeners.java:26)
at java.base/java.util.ArrayList.forEach(ArrayList.java:1541)
... Removed 32 stack frames]]>
    </failure>
  </testcase> <!-- LoginTestTC03 -->
  <testcase classname="tests.BaseTest" name="@BeforeTest setDriver" time="0.0">
    <ignored/>
  </testcase> <!-- @BeforeTest setDriver -->
  <testcase classname="tests.BaseTest" name="@BeforeTest setDriver" time="0.0">
    <ignored/>
  </testcase> <!-- @BeforeTest setDriver -->
  <testcase classname="tests.BaseTest" name="@AfterTest removeDriver" time="0.0">
    <ignored/>
  </testcase> <!-- @AfterTest removeDriver -->
  <testcase classname="tests.BaseTest" name="@AfterTest removeDriver" time="0.0">
    <ignored/>
  </testcase> <!-- @AfterTest removeDriver -->
  <testcase classname="tests.BaseTest" name="@AfterTest removeDriver" time="0.0">
    <ignored/>
  </testcase> <!-- @AfterTest removeDriver -->
  <testcase classname="tests.BaseTest" name="@AfterTest removeDriver" time="0.0">
    <ignored/>
  </testcase> <!-- @AfterTest removeDriver -->
  <testcase classname="tests.BaseTest" name="@BeforeTest setDriver" time="0.0">
    <ignored/>
  </testcase> <!-- @BeforeTest setDriver -->
  <testcase classname="tests.BaseTest" name="@AfterTest removeDriver" time="0.0">
    <ignored/>
  </testcase> <!-- @AfterTest removeDriver -->
  <testcase classname="tests.BaseTest" name="@BeforeTest setDriver" time="0.0">
    <ignored/>
  </testcase> <!-- @BeforeTest setDriver -->
  <testcase classname="tests.BaseTest" name="@BeforeTest setDriver" time="0.0">
    <ignored/>
  </testcase> <!-- @BeforeTest setDriver -->
  <testcase classname="tests.BaseTest" name="@AfterTest removeDriver" time="0.0">
    <ignored/>
  </testcase> <!-- @AfterTest removeDriver -->
  <testcase classname="tests.BaseTest" name="@BeforeTest setDriver" time="0.0">
    <ignored/>
  </testcase> <!-- @BeforeTest setDriver -->
  <testcase classname="tests.BaseTest" name="@AfterTest removeDriver" time="0.0">
    <ignored/>
  </testcase> <!-- @AfterTest removeDriver -->
  <testcase classname="tests.BaseTest" name="@BeforeTest setDriver" time="0.0">
    <ignored/>
  </testcase> <!-- @BeforeTest setDriver -->
</testsuite> <!-- Test -->
