<?xml version="1.0" encoding="UTF-8"?>
<!-- Generated by org.testng.reporters.JUnitXMLReporter -->
<testsuite ignored="0" hostname="DESKTOP-O2IJ1P6" failures="1" tests="5" name="Login" time="28.677" errors="0" timestamp="2023-09-13T18:03:10 PDT">
  <testcase classname="tests.LoginTest" name="loginTestTC01" time="5.458"/>
  <testcase classname="tests.LoginTest" name="loginTestTC02" time="3.016"/>
  <testcase classname="tests.LoginTest" name="LoginTestTC03" time="7.367"/>
  <testcase classname="tests.LoginTest" name="LoginTestTC4A" time="2.242"/>
  <testcase classname="tests.LoginTest" name="LoginTestTC04B" time="0.749">
    <failure type="org.openqa.selenium.ElementNotInteractableException" message="element not interactable
  (Session info: chrome=116.0.5845.189)
Build info: version: &amp;apos;4.11.0&amp;apos;, revision: &amp;apos;040bc5406b&amp;apos;
System info: os.name: &amp;apos;Windows 11&amp;apos;, os.arch: &amp;apos;amd64&amp;apos;, os.version: &amp;apos;10.0&amp;apos;, java.version: &amp;apos;17.0.8&amp;apos;
Driver info: org.openqa.selenium.chrome.ChromeDriver
Command: [5a75b0f405220a666e33a2c7da6babe9, sendKeysToElement {id=9B576B053AE0499EB5884A4717F4B083_element_84, value=[Ljava.lang.CharSequence;@6fcd31c3}]
Capabilities {acceptInsecureCerts: false, browserName: chrome, browserVersion: 116.0.5845.189, chrome: {chromedriverVersion: 116.0.5845.96 (1a3918166880..., userDataDir: C:\Users\Piyush\AppData\Loc...}, fedcm:accounts: true, goog:chromeOptions: {debuggerAddress: localhost:50348}, networkConnectionEnabled: false, pageLoadStrategy: normal, platformName: windows, proxy: Proxy(), se:cdp: ws://localhost:50348/devtoo..., se:cdpVersion: 116.0.5845.189, setWindowRect: true, strictFileInteractability: false, timeouts: {implicit: 0, pageLoad: 300000, script: 30000}, unhandledPromptBehavior: dismiss and notify, webauthn:extension:credBlob: true, webauthn:extension:largeBlob: true, webauthn:extension:minPinLength: true, webauthn:extension:prf: true, webauthn:virtualAuthenticators: true}
Element: [[ChromeDriver: chrome on windows (5a75b0f405220a666e33a2c7da6babe9)] -&amp;gt; id: username]
Session ID: 5a75b0f405220a666e33a2c7da6babe9">
      <![CDATA[org.openqa.selenium.ElementNotInteractableException: element not interactable
  (Session info: chrome=116.0.5845.189)
Build info: version: '4.11.0', revision: '040bc5406b'
System info: os.name: 'Windows 11', os.arch: 'amd64', os.version: '10.0', java.version: '17.0.8'
Driver info: org.openqa.selenium.chrome.ChromeDriver
Command: [5a75b0f405220a666e33a2c7da6babe9, sendKeysToElement {id=9B576B053AE0499EB5884A4717F4B083_element_84, value=[Ljava.lang.CharSequence;@6fcd31c3}]
Capabilities {acceptInsecureCerts: false, browserName: chrome, browserVersion: 116.0.5845.189, chrome: {chromedriverVersion: 116.0.5845.96 (1a3918166880..., userDataDir: C:\Users\Piyush\AppData\Loc...}, fedcm:accounts: true, goog:chromeOptions: {debuggerAddress: localhost:50348}, networkConnectionEnabled: false, pageLoadStrategy: normal, platformName: windows, proxy: Proxy(), se:cdp: ws://localhost:50348/devtoo..., se:cdpVersion: 116.0.5845.189, setWindowRect: true, strictFileInteractability: false, timeouts: {implicit: 0, pageLoad: 300000, script: 30000}, unhandledPromptBehavior: dismiss and notify, webauthn:extension:credBlob: true, webauthn:extension:largeBlob: true, webauthn:extension:minPinLength: true, webauthn:extension:prf: true, webauthn:virtualAuthenticators: true}
Element: [[ChromeDriver: chrome on windows (5a75b0f405220a666e33a2c7da6babe9)] -> id: username]
Session ID: 5a75b0f405220a666e33a2c7da6babe9
at org.openqa.selenium.remote.codec.w3c.W3CHttpResponseCodec.createException(W3CHttpResponseCodec.java:200)
at org.openqa.selenium.remote.codec.w3c.W3CHttpResponseCodec.decode(W3CHttpResponseCodec.java:133)
at org.openqa.selenium.remote.codec.w3c.W3CHttpResponseCodec.decode(W3CHttpResponseCodec.java:52)
at org.openqa.selenium.remote.HttpCommandExecutor.execute(HttpCommandExecutor.java:191)
at org.openqa.selenium.remote.service.DriverCommandExecutor.invokeExecute(DriverCommandExecutor.java:196)
at org.openqa.selenium.remote.service.DriverCommandExecutor.execute(DriverCommandExecutor.java:171)
at org.openqa.selenium.remote.RemoteWebDriver.execute(RemoteWebDriver.java:518)
at org.openqa.selenium.remote.RemoteWebElement.execute(RemoteWebElement.java:224)
at org.openqa.selenium.remote.RemoteWebElement.sendKeys(RemoteWebElement.java:111)
at org.openqa.selenium.support.pagefactory.internal.LocatingElementHandler.invoke(LocatingElementHandler.java:51)
at jdk.proxy2/jdk.proxy2.$Proxy36.sendKeys(Unknown Source)
at tests.LoginTest.LoginTestTC04B(LoginTest.java:115)
at java.base/java.util.ArrayList.forEach(ArrayList.java:1511)
... Removed 36 stack frames]]>
    </failure>
  </testcase> <!-- LoginTestTC04B -->
</testsuite> <!-- Login -->
